0 info it worked if it ends with ok
1 verbose cli [ 'E:\\Program Files\\nodejs\\node-v6.10.0-win-x86\\node.exe',
1 verbose cli   'E:\\Program Files\\nodejs\\node-v6.10.0-win-x86\\node_modules\\npm\\bin\\npm-cli.js',
1 verbose cli   'start' ]
2 info using npm@3.10.10
3 info using node@v6.10.0
4 verbose run-script [ 'prestart', 'start', 'poststart' ]
5 info lifecycle hello-world@0.1.0~prestart: hello-world@0.1.0
6 silly lifecycle hello-world@0.1.0~prestart: no script for prestart, continuing
7 info lifecycle hello-world@0.1.0~start: hello-world@0.1.0
8 verbose lifecycle hello-world@0.1.0~start: unsafe-perm in lifecycle true
9 verbose lifecycle hello-world@0.1.0~start: PATH: E:\Program Files\nodejs\node-v6.10.0-win-x86\node_modules\npm\bin\node-gyp-bin;F:\H5 1115\React_study\React_antd\react_antd\node_modules\.bin;C:\Windows\system32;C:\Windows;C:\Windows\System32\Wbem;C:\Windows\System32\WindowsPowerShell\v1.0\;C:\Program Files\NVIDIA Corporation\PhysX\Common;D:Program Files\Java\jdk1.6.0_26\bin;D:Program Files\Java\jdk1.6.0_26\jre\bin;E:\Program Files\nodejs;C:\Users\kaiyang\AppData\Local\Google\Chrome\Application;E:\Program Files\mongodb-win32-i386-2.6.9\mongodb-win32-i386-2.6.9\bin;C:\Program Files\VisualSVN Server\bin;C:\Program Files\TortoiseSVN\bin;C:\Program Files\Git\cmd;E:\Program Files\nodejs\node-v6.10.0-win-x86\;C:\Users\kaiyang\AppData\Roaming\npm
10 verbose lifecycle hello-world@0.1.0~start: CWD: F:\H5 1115\React_study\React_antd\react_antd
11 silly lifecycle hello-world@0.1.0~start: Args: [ '/d /s /c', 'node scripts/start.js' ]
12 silly lifecycle hello-world@0.1.0~start: Returned: code: 3221225786  signal: null
13 info lifecycle hello-world@0.1.0~start: Failed to exec start script
14 verbose stack Error: hello-world@0.1.0 start: `node scripts/start.js`
14 verbose stack Exit status 3221225786
14 verbose stack     at EventEmitter.<anonymous> (E:\Program Files\nodejs\node-v6.10.0-win-x86\node_modules\npm\lib\utils\lifecycle.js:255:16)
14 verbose stack     at emitTwo (events.js:106:13)
14 verbose stack     at EventEmitter.emit (events.js:191:7)
14 verbose stack     at ChildProcess.<anonymous> (E:\Program Files\nodejs\node-v6.10.0-win-x86\node_modules\npm\lib\utils\spawn.js:40:14)
14 verbose stack     at emitTwo (events.js:106:13)
14 verbose stack     at ChildProcess.emit (events.js:191:7)
14 verbose stack     at maybeClose (internal/child_process.js:877:16)
14 verbose stack     at Process.ChildProcess._handle.onexit (internal/child_process.js:226:5)
15 verbose pkgid hello-world@0.1.0
16 verbose cwd F:\H5 1115\React_study\React_antd\react_antd
17 error Windows_NT 6.1.7601
18 error argv "E:\\Program Files\\nodejs\\node-v6.10.0-win-x86\\node.exe" "E:\\Program Files\\nodejs\\node-v6.10.0-win-x86\\node_modules\\npm\\bin\\npm-cli.js" "start"
19 error node v6.10.0
20 error npm  v3.10.10
21 error code ELIFECYCLE
22 error hello-world@0.1.0 start: `node scripts/start.js`
22 error Exit status 3221225786
23 error Failed at the hello-world@0.1.0 start script 'node scripts/start.js'.
23 error Make sure you have the latest version of node.js and npm installed.
23 error If you do, this is most likely a problem with the hello-world package,
23 error not with npm itself.
23 error Tell the author that this fails on your system:
23 error     node scripts/start.js
23 error You can get information on how to open an issue for this project with:
23 error     npm bugs hello-world
23 error Or if that isn't available, you can get their info via:
23 error     npm owner ls hello-world
23 error There is likely additional logging output above.
24 verbose exit [ 1, true ]
